::1 - GET / HTTP/1.1 304 - - 33.385 ms
::1 - GET /css/bootstrap.min.css HTTP/1.1 304 - - 3.930 ms
::1 - GET /css/styles.css HTTP/1.1 304 - - 0.750 ms
::1 - GET /js/bootstrap.min.js HTTP/1.1 304 - - 1.115 ms
::1 - GET /fonts/glyphicons-halflings-regular.woff HTTP/1.1 404 178 - 11.027 ms
::1 - GET /fonts/glyphicons-halflings-regular.ttf HTTP/1.1 404 177 - 1.451 ms
::1 - GET /category HTTP/1.1 200 8175 - 61.680 ms
::1 - GET /css/bootstrap.min.css HTTP/1.1 304 - - 1.784 ms
::1 - GET /css/styles.css HTTP/1.1 304 - - 1.641 ms
::1 - GET /js/bootstrap.min.js HTTP/1.1 304 - - 0.987 ms
::1 - GET /fonts/glyphicons-halflings-regular.woff HTTP/1.1 404 178 - 1.120 ms
::1 - GET /fonts/glyphicons-halflings-regular.ttf HTTP/1.1 404 177 - 0.841 ms
::1 - GET /products/category/1 HTTP/1.1 200 38486 - 39.012 ms
::1 - GET /products/category/css/bootstrap.min.css HTTP/1.1 404 178 - 20.184 ms
::1 - GET /products/category/css/styles.css HTTP/1.1 404 171 - 8.123 ms
::1 - GET /products/category/js/bootstrap.min.js HTTP/1.1 404 176 - 13.161 ms
::1 - GET /products/category/1 HTTP/1.1 200 38488 - 59.997 ms
::1 - GET /css/bootstrap.min.css HTTP/1.1 304 - - 6.622 ms
::1 - GET /css/styles.css HTTP/1.1 304 - - 5.748 ms
::1 - GET /products/category/js/bootstrap.min.js HTTP/1.1 404 176 - 6.936 ms
::1 - GET /fonts/glyphicons-halflings-regular.woff HTTP/1.1 404 178 - 1.157 ms
::1 - GET /fonts/glyphicons-halflings-regular.ttf HTTP/1.1 404 177 - 1.792 ms
::1 - GET /category HTTP/1.1 304 - - 26.762 ms
::1 - GET /css/bootstrap.min.css HTTP/1.1 304 - - 4.667 ms
::1 - GET /css/styles.css HTTP/1.1 304 - - 4.820 ms
::1 - GET /js/bootstrap.min.js HTTP/1.1 304 - - 2.429 ms
::1 - GET /fonts/glyphicons-halflings-regular.woff HTTP/1.1 404 178 - 2.533 ms
::1 - GET /fonts/glyphicons-halflings-regular.ttf HTTP/1.1 404 177 - 0.832 ms
::1 - GET /products/category/1 HTTP/1.1 304 - - 45.927 ms
::1 - GET /css/bootstrap.min.css HTTP/1.1 304 - - 8.552 ms
::1 - GET /css/styles.css HTTP/1.1 304 - - 8.788 ms
::1 - GET /products/category/js/bootstrap.min.js HTTP/1.1 404 176 - 1.734 ms
::1 - GET /fonts/glyphicons-halflings-regular.woff HTTP/1.1 404 178 - 0.641 ms
::1 - GET /fonts/glyphicons-halflings-regular.ttf HTTP/1.1 404 177 - 1.908 ms
::1 - GET /category HTTP/1.1 304 - - 28.548 ms
::1 - GET /css/styles.css HTTP/1.1 304 - - 4.230 ms
::1 - GET /css/bootstrap.min.css HTTP/1.1 304 - - 3.647 ms
::1 - GET /js/bootstrap.min.js HTTP/1.1 304 - - 3.640 ms
::1 - GET /fonts/glyphicons-halflings-regular.woff HTTP/1.1 404 178 - 0.714 ms
::1 - GET /fonts/glyphicons-halflings-regular.ttf HTTP/1.1 404 177 - 0.849 ms
::1 - GET /products/category/2 HTTP/1.1 200 10760 - 19.875 ms
::1 - GET /css/bootstrap.min.css HTTP/1.1 304 - - 1.717 ms
::1 - GET /css/styles.css HTTP/1.1 304 - - 0.461 ms
::1 - GET /products/category/js/bootstrap.min.js HTTP/1.1 404 176 - 1.642 ms
::1 - GET /fonts/glyphicons-halflings-regular.woff HTTP/1.1 404 178 - 1.298 ms
::1 - GET /fonts/glyphicons-halflings-regular.ttf HTTP/1.1 404 177 - 0.691 ms
::1 - GET /category HTTP/1.1 304 - - 35.031 ms
::1 - GET /css/bootstrap.min.css HTTP/1.1 304 - - 3.760 ms
::1 - GET /css/styles.css HTTP/1.1 304 - - 1.346 ms
::1 - GET /js/bootstrap.min.js HTTP/1.1 304 - - 3.010 ms
::1 - GET /fonts/glyphicons-halflings-regular.woff HTTP/1.1 404 178 - 0.749 ms
::1 - GET /fonts/glyphicons-halflings-regular.ttf HTTP/1.1 404 177 - 1.411 ms
::1 - GET /products/category/3 HTTP/1.1 200 4733 - 14.438 ms
::1 - GET /css/bootstrap.min.css HTTP/1.1 304 - - 3.584 ms
::1 - GET /products/category/js/bootstrap.min.js HTTP/1.1 404 176 - 3.569 ms
::1 - GET /css/styles.css HTTP/1.1 304 - - 1.683 ms
::1 - GET /fonts/glyphicons-halflings-regular.woff HTTP/1.1 404 178 - 0.687 ms
::1 - GET /fonts/glyphicons-halflings-regular.ttf HTTP/1.1 404 177 - 0.616 ms
::1 - GET /category HTTP/1.1 304 - - 19.248 ms
::1 - GET /css/styles.css HTTP/1.1 304 - - 2.270 ms
::1 - GET /css/bootstrap.min.css HTTP/1.1 304 - - 2.144 ms
::1 - GET /js/bootstrap.min.js HTTP/1.1 304 - - 2.052 ms
::1 - GET /fonts/glyphicons-halflings-regular.woff HTTP/1.1 404 178 - 0.891 ms
::1 - GET /fonts/glyphicons-halflings-regular.ttf HTTP/1.1 404 177 - 0.761 ms
::1 - GET /products/category/1 HTTP/1.1 304 - - 21.515 ms
::1 - GET /products/category/js/bootstrap.min.js HTTP/1.1 404 176 - 3.515 ms
::1 - GET /css/bootstrap.min.css HTTP/1.1 304 - - 5.237 ms
::1 - GET /css/styles.css HTTP/1.1 304 - - 3.258 ms
::1 - GET /fonts/glyphicons-halflings-regular.woff HTTP/1.1 404 178 - 1.197 ms
::1 - GET /fonts/glyphicons-halflings-regular.ttf HTTP/1.1 404 177 - 0.672 ms
::1 - GET /category HTTP/1.1 304 - - 21.711 ms
::1 - GET /css/bootstrap.min.css HTTP/1.1 304 - - 0.950 ms
::1 - GET /css/styles.css HTTP/1.1 304 - - 0.436 ms
::1 - GET /js/bootstrap.min.js HTTP/1.1 304 - - 0.345 ms
::1 - GET /fonts/glyphicons-halflings-regular.woff HTTP/1.1 404 178 - 3.443 ms
::1 - GET /fonts/glyphicons-halflings-regular.ttf HTTP/1.1 404 177 - 1.028 ms
::1 - GET /products/category/2 HTTP/1.1 304 - - 19.903 ms
::1 - GET /css/bootstrap.min.css HTTP/1.1 304 - - 1.817 ms
::1 - GET /products/category/js/bootstrap.min.js HTTP/1.1 404 176 - 3.378 ms
::1 - GET /css/styles.css HTTP/1.1 304 - - 0.798 ms
::1 - GET /fonts/glyphicons-halflings-regular.woff HTTP/1.1 404 178 - 1.904 ms
::1 - GET /fonts/glyphicons-halflings-regular.ttf HTTP/1.1 404 177 - 1.992 ms
::1 - GET /category HTTP/1.1 304 - - 16.634 ms
::1 - GET /css/bootstrap.min.css HTTP/1.1 304 - - 1.383 ms
::1 - GET /css/styles.css HTTP/1.1 304 - - 0.986 ms
::1 - GET /js/bootstrap.min.js HTTP/1.1 304 - - 2.504 ms
::1 - GET /fonts/glyphicons-halflings-regular.woff HTTP/1.1 404 178 - 5.126 ms
::1 - GET /fonts/glyphicons-halflings-regular.ttf HTTP/1.1 404 177 - 0.715 ms
::1 - GET /products/category/1 HTTP/1.1 304 - - 18.158 ms
::1 - GET /css/bootstrap.min.css HTTP/1.1 304 - - 0.829 ms
::1 - GET /css/styles.css HTTP/1.1 304 - - 0.982 ms
::1 - GET /products/category/js/bootstrap.min.js HTTP/1.1 404 176 - 0.641 ms
::1 - GET /fonts/glyphicons-halflings-regular.woff HTTP/1.1 404 178 - 0.797 ms
::1 - GET /fonts/glyphicons-halflings-regular.ttf HTTP/1.1 404 177 - 0.815 ms
